<!DOCTYPE html>
<html>
<head>
<meta http-equiv="Content-Type" content="text/html; charset=utf-8"/>
<meta http-equiv="x-ua-compatible" content="IE=edge"/>
<title>Test results - Class Sanity limpieza y aprovisionamiento de recursos</title>
<link href="../css/base-style.css" rel="stylesheet" type="text/css"/>
<link href="../css/style.css" rel="stylesheet" type="text/css"/>
<script src="../js/report.js" type="text/javascript"></script>
</head>
<body>
<div id="content">
<h1>Class Sanity limpieza y aprovisionamiento de recursos</h1>
<div class="breadcrumbs">
<a href="../index.html">all</a> &gt; 
<a href="../packages/default-package.html">default-package</a> &gt; Sanity limpieza y aprovisionamiento de recursos</div>
<div id="summary">
<table>
<tr>
<td>
<div class="summaryGroup">
<table>
<tr>
<td>
<div class="infoBox" id="tests">
<div class="counter">1</div>
<p>tests</p>
</div>
</td>
<td>
<div class="infoBox" id="failures">
<div class="counter">1</div>
<p>failures</p>
</div>
</td>
<td>
<div class="infoBox" id="ignored">
<div class="counter">0</div>
<p>ignored</p>
</div>
</td>
<td>
<div class="infoBox" id="duration">
<div class="counter">25.660s</div>
<p>duration</p>
</div>
</td>
</tr>
</table>
</div>
</td>
<td>
<div class="infoBox failures" id="successRate">
<div class="percent">0%</div>
<p>successful</p>
</div>
</td>
</tr>
</table>
</div>
<div id="tabs">
<ul class="tabLinks">
<li>
<a href="#tab0">Failed tests</a>
</li>
<li>
<a href="#tab1">Tests</a>
</li>
<li>
<a href="#tab2">Standard output</a>
</li>
<li>
<a href="#tab3">Standard error</a>
</li>
</ul>
<div id="tab0" class="tab">
<h2>Failed tests</h2>
<div class="test">
<a name="se requiere realizar una portabilidad prepago"></a>
<h3 class="failures">se requiere realizar una portabilidad prepago</h3>
<span class="code">
<pre>java.lang.AssertionError: el status es PIN_REQUEST_ACEPTADO
Expected: &quot;PIN_REQUEST_ACEPTADO&quot;
     but: was &quot;&quot;
	at org.hamcrest.MatcherAssert.assertThat(MatcherAssert.java:20)
	at com.indra.actions.PortabilityPrepaidActions.makePortabilityRequestAndDB(PortabilityPrepaidActions.java:37)
	at com.indra.steps_definitions.SanitySteps.seHaceLaSolicitudDePortabilidadPrepago(SanitySteps.java:300)
	at ✽.se hace la solicitud de portabilidad prepago(src/test/resources/features/execute.feature:94)
</pre>
</span>
</div>
</div>
<div id="tab1" class="tab">
<h2>Tests</h2>
<table>
<thead>
<tr>
<th>Test</th>
<th>Duration</th>
<th>Result</th>
</tr>
</thead>
<tr>
<td class="failures">se requiere realizar una portabilidad prepago</td>
<td class="failures">25.660s</td>
<td class="failures">failed</td>
</tr>
</table>
</div>
<div id="tab2" class="tab">
<h2>Standard output</h2>
<span class="code">
<pre>17:40:47.093 [Test worker] INFO net.serenitybdd.core.webdriver.driverproviders.ProvideNewDriver - Instantiating driver
17:40:47.093 [Test worker] INFO net.serenitybdd.core.webdriver.driverproviders.ProvideNewDriver - Driver capabilities: Capabilities {acceptInsecureCerts: true, browserName: firefox, firefox_profile: org.openqa.selenium.firefox..., headless: false, loggingPrefs: org.openqa.selenium.logging..., marionette: true, moz:firefoxOptions: {}, platform: ANY, version: }
17:40:52.598 [Test worker] DEBUG net.serenitybdd.core.photography.Darkroom - Opening darkroom
17:40:52.599 [Darkroom Processing Line] DEBUG net.serenitybdd.core.photography.DarkroomProcessingLine - Darkroom processing line starting up
17:40:52.793 [Test worker] DEBUG net.serenitybdd.core.photography.Darkroom - Send negative for processing for C:\SanitySemilla6\target\site\serenity\505e6849a59f23caa50316930ba0fe99aae7daaf3ede0ae10996fa27772f375a.png
17:40:53.479 [Test worker] DEBUG net.serenitybdd.core.photography.Darkroom - Send negative for processing for C:\SanitySemilla6\target\site\serenity\560b47e9bdb8e6dab7dab102bf305b29920e56c82a8683e0cf7c7940b0c2e543.png
17:40:55.281 [Test worker] DEBUG net.serenitybdd.core.photography.Darkroom - Send negative for processing for C:\SanitySemilla6\target\site\serenity\2fdf1e7de3e3f80c8ba5bb73db39280a770e65dfed6b91224b352ca2ba14773f.png
17:40:55.490 [Test worker] DEBUG net.serenitybdd.core.photography.Darkroom - Send negative for processing for C:\SanitySemilla6\target\site\serenity\2fdf1e7de3e3f80c8ba5bb73db39280a770e65dfed6b91224b352ca2ba14773f.png
Delete siebel.CX_DEVICE_MSISDN - Exitoso
Delete SIEBEL.cx_device_chip - Exitoso
17:40:58.098 [Test worker] DEBUG net.serenitybdd.core.photography.Darkroom - Send negative for processing for C:\SanitySemilla6\target\site\serenity\2fdf1e7de3e3f80c8ba5bb73db39280a770e65dfed6b91224b352ca2ba14773f.png
17:40:58.700 [Test worker] DEBUG net.serenitybdd.core.photography.Darkroom - Send negative for processing for C:\SanitySemilla6\target\site\serenity\f52de4e69e162682e6dea956f0a17493e8293f56ca57d37f7d9692e90295ccd2.png
17:40:59.301 [Test worker] DEBUG net.serenitybdd.core.photography.Darkroom - Send negative for processing for C:\SanitySemilla6\target\site\serenity\d003466328cd9627f58a5b420168c4690778bcc364e6b65cf2c7ee266802d53d.png
17:40:59.986 [Test worker] DEBUG net.serenitybdd.core.photography.Darkroom - Send negative for processing for C:\SanitySemilla6\target\site\serenity\b09c4f0bec2c78d9aaf2a03356d36d1cec3ed6ac6d218ad9fb95fd134655f5a8.png
17:41:00.762 [Test worker] DEBUG net.serenitybdd.core.photography.Darkroom - Send negative for processing for C:\SanitySemilla6\target\site\serenity\c6bfb691bfc358b93b3adce007bc3f5d7c5340b9e1e88a3e44bc45933c2a6021.png
17:41:01.509 [Test worker] DEBUG net.serenitybdd.core.photography.Darkroom - Send negative for processing for C:\SanitySemilla6\target\site\serenity\6dfadb4fe6af58af9bc2dc699dea634a874dc3fd90e5bbe9cccc153cff88fe94.png
17:41:03.536 [Test worker] DEBUG net.serenitybdd.core.photography.Darkroom - Send negative for processing for C:\SanitySemilla6\target\site\serenity\3661f53724f84e59c9d21ccffca71a61ac686e9627fe660b2376528bc21ba1f1.png
17:41:04.205 [Test worker] DEBUG net.serenitybdd.core.photography.Darkroom - Send negative for processing for C:\SanitySemilla6\target\site\serenity\3d66ba7e5578d18e5e7650ad25d28e233b173d658120d0ee42da0114e2eab342.png
17:41:04.756 [Test worker] DEBUG net.serenitybdd.core.photography.Darkroom - Send negative for processing for C:\SanitySemilla6\target\site\serenity\e02ef00c65118ac67e237e69d58e28388064fabcde5ef2ac21c9fbbf82e8f3fb.png
17:41:05.328 [Test worker] DEBUG net.serenitybdd.core.photography.Darkroom - Send negative for processing for C:\SanitySemilla6\target\site\serenity\b4904dda0a01d89f184f71ab8bca85018beab8aa2637cfc28640f037f88873d7.png
17:41:05.329 [Darkroom Processing Line] DEBUG net.serenitybdd.core.photography.DarkroomProcessingLine - Processing screenshot image in /var/screenshots/screenshot-9222740598483426657
17:41:05.330 [Darkroom Processing Line] DEBUG net.serenitybdd.core.photography.DarkroomProcessingLine - Saving screenshot to C:\SanitySemilla6\target\site\serenity\b4904dda0a01d89f184f71ab8bca85018beab8aa2637cfc28640f037f88873d7.png
17:41:06.274 [Test worker] DEBUG net.serenitybdd.core.photography.Darkroom - Send negative for processing for C:\SanitySemilla6\target\site\serenity\d5592d89a94b805358da8d44055ebfb16578eff83b732ed0772c154f9bff546b.png
17:41:06.904 [Test worker] DEBUG net.serenitybdd.core.photography.Darkroom - Send negative for processing for C:\SanitySemilla6\target\site\serenity\9b44b57bb39ecfec37a5906903b7ab0dfcd1751f236fa78b14505edd4bc4de11.png
3045981684
Update PIN_REQUEST_ACEPTADO - Exitoso
17:41:08.061 [Test worker] DEBUG net.serenitybdd.core.photography.Darkroom - Send negative for processing for C:\SanitySemilla6\target\site\serenity\2cafb3314ac4a575abb57564003d70518fef25fa29d3ba845fdc70f5f66611bf.png
17:41:11.477 [Test worker] ERROR net.thucydides.core.steps.ConsoleLoggingListener - ?[91m
           __  _____ _____ ____ _____   _____ _    ___ _     _____ ____  
  _       / / |_   _| ____/ ___|_   _| |  ___/ \  |_ _| |   | ____|  _ \ 
 (_)_____| |    | | |  _| \___ \ | |   | |_ / _ \  | || |   |  _| | | | |
  _|_____| |    | | | |___ ___) || |   |  _/ ___ \ | || |___| |___| |_| |
 (_)     | |    |_| |_____|____/ |_|   |_|/_/   \_\___|_____|_____|____/ 
          \_\                                                            

TEST FAILED: se requiere realizar una portabilidad prepago
--------------------------------------------------------------------------?[0m
17:41:11.480 [Test worker] DEBUG net.thucydides.core.steps.ConsoleLoggingListener - RELATED ISSUES: 
17:41:11.659 [Test worker] ERROR net.thucydides.core.steps.ConsoleLoggingListener - ?[91mTEST FAILED AT STEP When se hace la solicitud de portabilidad prepago?[0m
17:41:11.659 [Test worker] ERROR net.thucydides.core.steps.ConsoleLoggingListener - el status es PIN_REQUEST_ACEPTADOExpected: &quot;PIN_REQUEST_ACEPTADO&quot; but: was &quot;&quot;
</pre>
</span>
</div>
<div id="tab3" class="tab">
<h2>Standard error</h2>
<span class="code">
<pre>jul 15, 2022 5:40:46 PM org.openqa.selenium.remote.DesiredCapabilities firefox
INFORMACIÓN: Using `new FirefoxOptions()` is preferred to `DesiredCapabilities.firefox()`
jul 15, 2022 5:40:46 PM org.openqa.selenium.remote.DesiredCapabilities firefox
INFORMACIÓN: Using `new FirefoxOptions()` is preferred to `DesiredCapabilities.firefox()`
1657924848031	geckodriver	INFO	Listening on 127.0.0.1:43025
1657924848563	mozrunner::runner	INFO	Running command: &quot;C:\\Program Files\\Mozilla Firefox\\firefox.exe&quot; &quot;--marionette&quot; &quot;-foreground&quot; &quot;-no-remote&quot; &quot;-profile&quot; &quot;C:\\Users\\PROJEC~1\\AppData\\Local\\Temp\\rust_mozprofilena5jA2&quot;
1657924849030	addons.webextension.doh-rollout@mozilla.org	WARN	Loading extension 'doh-rollout@mozilla.org': Reading manifest: Invalid extension permission: networkStatus
1657924849057	addons.webextension.screenshots@mozilla.org	WARN	Loading extension 'screenshots@mozilla.org': Reading manifest: Invalid extension permission: mozillaAddons
1657924849057	addons.webextension.screenshots@mozilla.org	WARN	Loading extension 'screenshots@mozilla.org': Reading manifest: Invalid extension permission: telemetry
1657924849057	addons.webextension.screenshots@mozilla.org	WARN	Loading extension 'screenshots@mozilla.org': Reading manifest: Invalid extension permission: resource://pdf.js/
1657924849057	addons.webextension.screenshots@mozilla.org	WARN	Loading extension 'screenshots@mozilla.org': Reading manifest: Invalid extension permission: about:reader*
JavaScript error: resource://gre/modules/XULStore.jsm, line 66: Error: Can't find profile directory.
1657924850874	Marionette	INFO	Listening on port 49703
1657924851236	Marionette	WARN	TLS certificate errors will be ignored for this session
jul 15, 2022 5:40:51 PM org.openqa.selenium.remote.ProtocolHandshake createSession
INFORMACIÓN: Detected dialect: W3C
JavaScript warning: http://10.69.60.84:8280/portal/CRMPortal/Consultas?portal:windowState=normal&amp;portal:componentId=gtnc323725e-6efe-4037-9f93-1bc06edfa941&amp;portal:resourceID=/org.rf.res/org/richfaces/ui.pack.js&amp;portal:cacheLevel=PAGE&amp;portal:type=resource&amp;portal:portletMode=view, line 10431: unreachable code after return statement
JavaScript warning: http://10.69.60.84:8280/portal/CRMPortal/Consultas?portal:windowState=normal&amp;portal:componentId=gtnc323725e-6efe-4037-9f93-1bc06edfa941&amp;portal:resourceID=/org.rf.res/org/richfaces/ui.pack.js&amp;portal:cacheLevel=PAGE&amp;portal:type=resource&amp;portal:portletMode=view, line 10431: unreachable code after return statement
JavaScript error: http://10.69.60.84:8280/portal/CRMPortal/Consultas, line 1: ReferenceError: setIframeListeners is not defined
JavaScript warning: http://10.69.60.84:8280/portal/CRMPortal/Consultas?portal:windowState=normal&amp;portal:componentId=gtnc323725e-6efe-4037-9f93-1bc06edfa941&amp;portal:resourceID=/org.rf.res/org/richfaces/ui.pack.js&amp;portal:cacheLevel=PAGE&amp;portal:type=resource&amp;portal:portletMode=view, line 10431: unreachable code after return statement
JavaScript warning: http://10.69.60.84:8280/portal/CRMPortal/Consultas?portal:windowState=normal&amp;portal:componentId=gtnc323725e-6efe-4037-9f93-1bc06edfa941&amp;portal:resourceID=/org.rf.res/org/richfaces/ui.pack.js&amp;portal:cacheLevel=PAGE&amp;portal:type=resource&amp;portal:portletMode=view, line 10431: unreachable code after return statement
JavaScript error: http://10.69.60.84:8280/portal/CRMPortal/Consultas, line 1: ReferenceError: setIframeListeners is not defined
JavaScript error: http://10.69.60.84:8280/portal/CRMPortal/Consultas, line 1: ReferenceError: setIframeListeners is not defined
JavaScript warning: http://10.69.60.84:8280/portal/CRMPortal/Preventa?portal:windowState=normal&amp;portal:componentId=gtnac4fa497-8304-4e12-8e75-0ee02636d5e8&amp;portal:resourceID=/org.rf.res/org/richfaces/ui.pack.js&amp;portal:cacheLevel=PAGE&amp;portal:type=resource&amp;portal:portletMode=view, line 10431: unreachable code after return statement
JavaScript warning: http://10.69.60.84:8280/portal/CRMPortal/Preventa?portal:windowState=normal&amp;portal:componentId=gtnac4fa497-8304-4e12-8e75-0ee02636d5e8&amp;portal:resourceID=/org.rf.res/org/richfaces/ui.pack.js&amp;portal:cacheLevel=PAGE&amp;portal:type=resource&amp;portal:portletMode=view, line 10431: unreachable code after return statement
JavaScript error: http://10.69.60.84:8280/portal/CRMPortal/Preventa, line 1: ReferenceError: setIframeListeners is not defined
JavaScript error: http://10.69.60.74:8080/PinRequestWEB/xmlhttp/1657924850256/icefaces-d2d.js, line 16: TypeError: F is undefined
JavaScript error: http://10.69.60.84:8280/portal/CRMPortal/Preventa, line 1: ReferenceError: setIframeListeners is not defined
1657924868348	Marionette	INFO	Stopped listening on port 49703

###!!! [Child][RunMessage] Error: Channel closing: too late to send/recv, messages will be lost


###!!! [Child][MessageChannel::SendAndWait] Error: Channel error: cannot send/recv

</pre>
</span>
</div>
</div>
<div id="footer">
<p>
<div>
<label class="hidden" id="label-for-line-wrapping-toggle" for="line-wrapping-toggle">Wrap lines
<input id="line-wrapping-toggle" type="checkbox" autocomplete="off"/>
</label>
</div>Generated by 
<a href="http://www.gradle.org">Gradle 7.1</a> at 15/07/2022 05:41:13 PM</p>
</div>
</div>
</body>
</html>
